
  .   ____          _            __ _ _
 /\\ / ___'_ __ _ _(_)_ __  __ _ \ \ \ \
( ( )\___ | '_ | '_| | '_ \/ _` | \ \ \ \
 \\/  ___)| |_)| | | | | || (_| |  ) ) ) )
  '  |____| .__|_| |_|_| |_\__, | / / / /
 =========|_|==============|___/=/_/_/_/

 :: Spring Boot ::                (v3.5.5)

2025-08-22T14:47:28.075+06:00  INFO 10801 --- [config-server] [           main] c.e.c.ConfigServerApplication            : Starting ConfigServerApplication using Java 21.0.8 with PID 10801 (/home/suhas/workspace/System Architecture/microservice/services/config-server/target/classes started by suhas in /home/suhas/workspace/System Architecture/microservice/services/config-server)
2025-08-22T14:47:28.076+06:00  INFO 10801 --- [config-server] [           main] c.e.c.ConfigServerApplication            : The following 1 profile is active: "native"
2025-08-22T14:47:28.510+06:00  INFO 10801 --- [config-server] [           main] o.s.cloud.context.scope.GenericScope     : BeanFactory id=4e41cef8-f38e-3ccb-b999-dd3b2f343677
2025-08-22T14:47:28.679+06:00  INFO 10801 --- [config-server] [           main] o.s.b.w.embedded.tomcat.TomcatWebServer  : Tomcat initialized with port 8888 (http)
2025-08-22T14:47:28.690+06:00  INFO 10801 --- [config-server] [           main] o.apache.catalina.core.StandardService   : Starting service [Tomcat]
2025-08-22T14:47:28.690+06:00  INFO 10801 --- [config-server] [           main] o.apache.catalina.core.StandardEngine    : Starting Servlet engine: [Apache Tomcat/10.1.44]
2025-08-22T14:47:28.723+06:00  INFO 10801 --- [config-server] [           main] o.a.c.c.C.[Tomcat].[localhost].[/]       : Initializing Spring embedded WebApplicationContext
2025-08-22T14:47:28.724+06:00  INFO 10801 --- [config-server] [           main] w.s.c.ServletWebServerApplicationContext : Root WebApplicationContext: initialization completed in 623 ms
2025-08-22T14:47:29.142+06:00  INFO 10801 --- [config-server] [           main] o.s.b.w.embedded.tomcat.TomcatWebServer  : Tomcat started on port 8888 (http) with context path '/'
2025-08-22T14:47:29.158+06:00  INFO 10801 --- [config-server] [           main] c.e.c.ConfigServerApplication            : Started ConfigServerApplication in 1.433 seconds (process running for 1.762)
2025-08-22T14:47:32.378+06:00  INFO 10801 --- [config-server] [nio-8888-exec-2] o.a.c.c.C.[Tomcat].[localhost].[/]       : Initializing Spring DispatcherServlet 'dispatcherServlet'
2025-08-22T14:47:32.378+06:00  INFO 10801 --- [config-server] [nio-8888-exec-2] o.s.web.servlet.DispatcherServlet        : Initializing Servlet 'dispatcherServlet'
2025-08-22T14:47:32.379+06:00  INFO 10801 --- [config-server] [nio-8888-exec-2] o.s.web.servlet.DispatcherServlet        : Completed initialization in 1 ms
2025-08-22T14:47:32.425+06:00  INFO 10801 --- [config-server] [nio-8888-exec-2] o.s.c.c.s.e.NativeEnvironmentRepository  : Adding property source: Config resource 'class path resource [configurations/discovery-service.yml]' via location 'classpath:/configurations/'
2025-08-22T14:47:37.941+06:00  INFO 10801 --- [config-server] [nio-8888-exec-3] o.s.c.c.s.e.NativeEnvironmentRepository  : Adding property source: Config resource 'class path resource [configurations/customer-service.yml]' via location 'classpath:/configurations/'
2025-08-22T14:51:22.859+06:00  INFO 10801 --- [config-server] [ionShutdownHook] o.s.b.w.e.tomcat.GracefulShutdown        : Commencing graceful shutdown. Waiting for active requests to complete
2025-08-22T14:51:22.861+06:00  INFO 10801 --- [config-server] [tomcat-shutdown] o.s.b.w.e.tomcat.GracefulShutdown        : Graceful shutdown complete
[ERROR] Failed to execute goal org.springframework.boot:spring-boot-maven-plugin:3.5.5:run (default-cli) on project config-server: Process terminated with exit code: 143 -> [Help 1]
[ERROR] 
[ERROR] To see the full stack trace of the errors, re-run Maven with the -e switch.
[ERROR] Re-run Maven using the -X switch to enable full debug logging.
[ERROR] 
[ERROR] For more information about the errors and possible solutions, please read the following articles:
[ERROR] [Help 1] http://cwiki.apache.org/confluence/display/MAVEN/MojoExecutionException
