
  .   ____          _            __ _ _
 /\\ / ___'_ __ _ _(_)_ __  __ _ \ \ \ \
( ( )\___ | '_ | '_| | '_ \/ _` | \ \ \ \
 \\/  ___)| |_)| | | | | || (_| |  ) ) ) )
  '  |____| .__|_| |_|_| |_\__, | / / / /
 =========|_|==============|___/=/_/_/_/

 :: Spring Boot ::                (v3.5.5)

2025-08-22T14:47:32.705+06:00  INFO 11051 --- [discovery-service] [           main] c.e.discovery.DiscoveryApplication       : Starting DiscoveryApplication using Java 21.0.8 with PID 11051 (/home/suhas/workspace/System Architecture/microservice/services/discovery/target/classes started by suhas in /home/suhas/workspace/System Architecture/microservice/services/discovery)
2025-08-22T14:47:32.706+06:00  INFO 11051 --- [discovery-service] [           main] c.e.discovery.DiscoveryApplication       : No active profile set, falling back to 1 default profile: "default"
2025-08-22T14:47:32.726+06:00  INFO 11051 --- [discovery-service] [           main] o.s.c.c.c.ConfigServerConfigDataLoader   : Fetching config from server at : http://localhost:8888
2025-08-22T14:47:32.726+06:00  INFO 11051 --- [discovery-service] [           main] o.s.c.c.c.ConfigServerConfigDataLoader   : Located environment: name=discovery-service, profiles=[default], label=null, version=null, state=null
2025-08-22T14:47:33.271+06:00  INFO 11051 --- [discovery-service] [           main] o.s.cloud.context.scope.GenericScope     : BeanFactory id=06c6dea0-60fd-3794-ab2f-ce40515e80d5
2025-08-22T14:47:33.443+06:00  INFO 11051 --- [discovery-service] [           main] o.s.b.w.embedded.tomcat.TomcatWebServer  : Tomcat initialized with port 8761 (http)
2025-08-22T14:47:33.456+06:00  INFO 11051 --- [discovery-service] [           main] o.apache.catalina.core.StandardService   : Starting service [Tomcat]
2025-08-22T14:47:33.456+06:00  INFO 11051 --- [discovery-service] [           main] o.apache.catalina.core.StandardEngine    : Starting Servlet engine: [Apache Tomcat/10.1.44]
2025-08-22T14:47:33.492+06:00  INFO 11051 --- [discovery-service] [           main] o.a.c.c.C.[Tomcat].[localhost].[/]       : Initializing Spring embedded WebApplicationContext
2025-08-22T14:47:33.493+06:00  INFO 11051 --- [discovery-service] [           main] w.s.c.ServletWebServerApplicationContext : Root WebApplicationContext: initialization completed in 765 ms
2025-08-22T14:47:33.995+06:00  INFO 11051 --- [discovery-service] [           main] c.n.d.provider.DiscoveryJerseyProvider   : Using JSON encoding codec LegacyJacksonJson
2025-08-22T14:47:33.996+06:00  INFO 11051 --- [discovery-service] [           main] c.n.d.provider.DiscoveryJerseyProvider   : Using JSON decoding codec LegacyJacksonJson
2025-08-22T14:47:34.099+06:00  INFO 11051 --- [discovery-service] [           main] c.n.d.provider.DiscoveryJerseyProvider   : Using XML encoding codec XStreamXml
2025-08-22T14:47:34.099+06:00  INFO 11051 --- [discovery-service] [           main] c.n.d.provider.DiscoveryJerseyProvider   : Using XML decoding codec XStreamXml
2025-08-22T14:47:34.181+06:00  INFO 11051 --- [discovery-service] [           main] o.s.v.b.OptionalValidatorFactoryBean     : Failed to set up a Bean Validation provider: jakarta.validation.NoProviderFoundException: Unable to create a Configuration, because no Jakarta Bean Validation provider could be found. Add a provider like Hibernate Validator (RI) to your classpath.
2025-08-22T14:47:34.689+06:00  WARN 11051 --- [discovery-service] [           main] iguration$LoadBalancerCaffeineWarnLogger : Spring Cloud LoadBalancer is currently working with the default cache. While this cache implementation is useful for development and tests, it's recommended to use Caffeine cache in production.You can switch to using Caffeine cache, by adding it and org.springframework.cache.caffeine.CaffeineCacheManager to the classpath.
2025-08-22T14:47:34.700+06:00  INFO 11051 --- [discovery-service] [           main] o.s.c.n.eureka.InstanceInfoFactory       : Setting initial instance status as: STARTING
2025-08-22T14:47:34.711+06:00  INFO 11051 --- [discovery-service] [           main] com.netflix.discovery.DiscoveryClient    : Initializing Eureka in region us-east-1
2025-08-22T14:47:34.711+06:00  INFO 11051 --- [discovery-service] [           main] com.netflix.discovery.DiscoveryClient    : Client configured to neither register nor query for data.
2025-08-22T14:47:34.712+06:00  INFO 11051 --- [discovery-service] [           main] com.netflix.discovery.DiscoveryClient    : Discovery Client initialized at timestamp 1755852454711 with initial instances count: 0
2025-08-22T14:47:34.740+06:00  INFO 11051 --- [discovery-service] [           main] c.n.eureka.DefaultEurekaServerContext    : Initializing ...
2025-08-22T14:47:34.741+06:00  WARN 11051 --- [discovery-service] [           main] c.n.eureka.cluster.PeerEurekaNodes       : The replica size seems to be empty. Check the route 53 DNS Registry
2025-08-22T14:47:34.747+06:00  INFO 11051 --- [discovery-service] [           main] c.n.e.registry.AbstractInstanceRegistry  : Finished initializing remote region registries. All known remote regions: []
2025-08-22T14:47:34.747+06:00  INFO 11051 --- [discovery-service] [           main] c.n.eureka.DefaultEurekaServerContext    : Initialized
2025-08-22T14:47:34.753+06:00  INFO 11051 --- [discovery-service] [           main] o.s.b.a.e.web.EndpointLinksResolver      : Exposing 1 endpoint beneath base path '/actuator'
2025-08-22T14:47:34.782+06:00  INFO 11051 --- [discovery-service] [           main] o.s.c.n.e.s.EurekaServiceRegistry        : Registering application DISCOVERY-SERVICE with eureka with status UP
2025-08-22T14:47:34.788+06:00  INFO 11051 --- [discovery-service] [       Thread-9] o.s.c.n.e.server.EurekaServerBootstrap   : isAws returned false
2025-08-22T14:47:34.788+06:00  INFO 11051 --- [discovery-service] [       Thread-9] o.s.c.n.e.server.EurekaServerBootstrap   : Initialized server context
2025-08-22T14:47:34.789+06:00  INFO 11051 --- [discovery-service] [       Thread-9] c.n.e.r.PeerAwareInstanceRegistryImpl    : Got 1 instances from neighboring DS node
2025-08-22T14:47:34.789+06:00  INFO 11051 --- [discovery-service] [       Thread-9] c.n.e.r.PeerAwareInstanceRegistryImpl    : Renew threshold is: 1
2025-08-22T14:47:34.789+06:00  INFO 11051 --- [discovery-service] [       Thread-9] c.n.e.r.PeerAwareInstanceRegistryImpl    : Changing status to UP
2025-08-22T14:47:34.790+06:00  INFO 11051 --- [discovery-service] [           main] o.s.b.w.embedded.tomcat.TomcatWebServer  : Tomcat started on port 8761 (http) with context path '/'
2025-08-22T14:47:34.790+06:00  INFO 11051 --- [discovery-service] [       Thread-9] e.s.EurekaServerInitializerConfiguration : Started Eureka Server
2025-08-22T14:47:34.791+06:00  INFO 11051 --- [discovery-service] [           main] .s.c.n.e.s.EurekaAutoServiceRegistration : Updating port to 8761
2025-08-22T14:47:34.806+06:00  INFO 11051 --- [discovery-service] [           main] c.e.discovery.DiscoveryApplication       : Started DiscoveryApplication in 2.878 seconds (process running for 3.177)
2025-08-22T14:47:39.606+06:00  INFO 11051 --- [discovery-service] [nio-8761-exec-2] o.a.c.c.C.[Tomcat].[localhost].[/]       : Initializing Spring DispatcherServlet 'dispatcherServlet'
2025-08-22T14:47:39.606+06:00  INFO 11051 --- [discovery-service] [nio-8761-exec-2] o.s.web.servlet.DispatcherServlet        : Initializing Servlet 'dispatcherServlet'
2025-08-22T14:47:39.607+06:00  INFO 11051 --- [discovery-service] [nio-8761-exec-2] o.s.web.servlet.DispatcherServlet        : Completed initialization in 0 ms
2025-08-22T14:47:39.713+06:00  INFO 11051 --- [discovery-service] [nio-8761-exec-3] c.n.e.registry.AbstractInstanceRegistry  : Registered instance CUSTOMER-SERVICE/192.168.0.105:customer-service:8090 with status UP (replication=false)
2025-08-22T14:48:34.789+06:00  INFO 11051 --- [discovery-service] [a-EvictionTimer] c.n.e.registry.AbstractInstanceRegistry  : Running the evict task with compensationTime 0ms
2025-08-22T14:49:34.789+06:00  INFO 11051 --- [discovery-service] [a-EvictionTimer] c.n.e.registry.AbstractInstanceRegistry  : Running the evict task with compensationTime 0ms
2025-08-22T14:50:34.790+06:00  INFO 11051 --- [discovery-service] [a-EvictionTimer] c.n.e.registry.AbstractInstanceRegistry  : Running the evict task with compensationTime 0ms
2025-08-22T14:51:18.544+06:00  INFO 11051 --- [discovery-service] [nio-8761-exec-1] c.n.e.registry.AbstractInstanceRegistry  : Registered instance CUSTOMER-SERVICE/192.168.0.105:customer-service:8090 with status DOWN (replication=false)
2025-08-22T14:51:20.704+06:00  INFO 11051 --- [discovery-service] [ionShutdownHook] o.s.c.n.e.s.EurekaServiceRegistry        : Unregistering application DISCOVERY-SERVICE with eureka with status DOWN
2025-08-22T14:51:20.711+06:00  INFO 11051 --- [discovery-service] [ionShutdownHook] o.s.b.w.e.tomcat.GracefulShutdown        : Commencing graceful shutdown. Waiting for active requests to complete
2025-08-22T14:51:20.714+06:00  INFO 11051 --- [discovery-service] [tomcat-shutdown] o.s.b.w.e.tomcat.GracefulShutdown        : Graceful shutdown complete
2025-08-22T14:51:20.717+06:00  INFO 11051 --- [discovery-service] [ionShutdownHook] o.s.c.n.e.server.EurekaServerBootstrap   : Shutting down Eureka Server..
2025-08-22T14:51:20.717+06:00  INFO 11051 --- [discovery-service] [ionShutdownHook] c.n.eureka.DefaultEurekaServerContext    : Shutting down ...
2025-08-22T14:51:20.717+06:00  INFO 11051 --- [discovery-service] [ionShutdownHook] c.n.eureka.DefaultEurekaServerContext    : Shut down
2025-08-22T14:51:20.717+06:00  INFO 11051 --- [discovery-service] [ionShutdownHook] o.s.c.n.e.server.EurekaServerBootstrap   : Eureka Service is now shutdown...
2025-08-22T14:51:20.718+06:00  INFO 11051 --- [discovery-service] [ionShutdownHook] c.n.eureka.DefaultEurekaServerContext    : Shutting down ...
2025-08-22T14:51:20.718+06:00  INFO 11051 --- [discovery-service] [ionShutdownHook] c.n.eureka.DefaultEurekaServerContext    : Shut down
2025-08-22T14:51:20.723+06:00  INFO 11051 --- [discovery-service] [ionShutdownHook] com.netflix.discovery.DiscoveryClient    : Shutting down DiscoveryClient ...
2025-08-22T14:51:20.723+06:00  INFO 11051 --- [discovery-service] [ionShutdownHook] com.netflix.discovery.DiscoveryClient    : Completed shut down of DiscoveryClient
[ERROR] Failed to execute goal org.springframework.boot:spring-boot-maven-plugin:3.5.5:run (default-cli) on project discovery: Process terminated with exit code: 143 -> [Help 1]
[ERROR] 
[ERROR] To see the full stack trace of the errors, re-run Maven with the -e switch.
[ERROR] Re-run Maven using the -X switch to enable full debug logging.
[ERROR] 
[ERROR] For more information about the errors and possible solutions, please read the following articles:
[ERROR] [Help 1] http://cwiki.apache.org/confluence/display/MAVEN/MojoExecutionException
